0 info it worked if it ends with ok
1 verbose cli [ '/Users/sivan/.nvm/v0.10.48/bin/node',
1 verbose cli   '/Users/sivan/.nvm/v0.10.48/bin/npm',
1 verbose cli   'run',
1 verbose cli   './node_modules/gulp/bin/gulp',
1 verbose cli   'live' ]
2 info using npm@2.15.1
3 info using node@v0.10.48
4 verbose stack Error: missing script: ./node_modules/gulp/bin/gulp
4 verbose stack     at run (/Users/sivan/.nvm/v0.10.48/lib/node_modules/npm/lib/run-script.js:142:19)
4 verbose stack     at /Users/sivan/.nvm/v0.10.48/lib/node_modules/npm/lib/run-script.js:58:5
4 verbose stack     at /Users/sivan/.nvm/v0.10.48/lib/node_modules/npm/node_modules/read-package-json/read-json.js:345:5
4 verbose stack     at checkBinReferences_ (/Users/sivan/.nvm/v0.10.48/lib/node_modules/npm/node_modules/read-package-json/read-json.js:309:45)
4 verbose stack     at final (/Users/sivan/.nvm/v0.10.48/lib/node_modules/npm/node_modules/read-package-json/read-json.js:343:3)
4 verbose stack     at then (/Users/sivan/.nvm/v0.10.48/lib/node_modules/npm/node_modules/read-package-json/read-json.js:113:5)
4 verbose stack     at /Users/sivan/.nvm/v0.10.48/lib/node_modules/npm/node_modules/read-package-json/read-json.js:232:12
4 verbose stack     at /Users/sivan/.nvm/v0.10.48/lib/node_modules/npm/node_modules/graceful-fs/graceful-fs.js:78:16
4 verbose stack     at fs.js:272:14
4 verbose stack     at /Users/sivan/.nvm/v0.10.48/lib/node_modules/npm/node_modules/graceful-fs/graceful-fs.js:43:10
5 verbose cwd /Users/sivan/www/IXPANDIT
6 error Darwin 17.2.0
7 error argv "/Users/sivan/.nvm/v0.10.48/bin/node" "/Users/sivan/.nvm/v0.10.48/bin/npm" "run" "./node_modules/gulp/bin/gulp" "live"
8 error node v0.10.48
9 error npm  v2.15.1
10 error missing script: ./node_modules/gulp/bin/gulp
11 error If you need help, you may report this error at:
11 error     <https://github.com/npm/npm/issues>
12 verbose exit [ 1, true ]
